[33mERROR[39m: POST /api/sessions/register . 07:55:55 Error: Invalid credentials
[33mERROR[39m: POST /api/sessions/login . 08:11:38 Error: Bad auth from login
[33mERROR[39m: GET /api/artillery/simplex undefined . 12:16:47 TypeError: callback.apply is not a function
[33mERROR[39m: GET /api/artillery/simplex undefined . 12:16:59 TypeError: callback.apply is not a function
[33mERROR[39m: GET /api/artillery/complex undefined . 12:24:37 ReferenceError: total is not defined
[33mERROR[39m: POST /api/sessions/login 401 . 18:47:36 Error: Bad auth from login
[33mERROR[39m: POST /api/sessions/login 401 . 18:54:22 Error: Bad auth from login
[33mERROR[39m: POST /api/sessions/login undefined . 19:39:26 Error: Bad auth from login
[33mERROR[39m: POST /api/sessions/login undefined . 19:42:52 Error: Bad auth from login
[33mERROR[39m: POST /api/sessions/login undefined . 14:41:01 Error: Bad auth from login
[33mERROR[39m: POST /api/products/ undefined . 15:12:36 TypeError: winston.ERROR is not a function
[33mERROR[39m: POST /api/products/ undefined . 15:24:39 TypeError: winston.ERROR is not a function
[33mERROR[39m: POST / 403 - 15:42:42 - Forbidden from poliecies!!!!
[33mERROR[39m: GET /online 400 - 16:13:31 - No token provided
[33mERROR[39m: GET /api/loggers/ undefined . 16:17:57 TypeError: Converting circular structure to JSON
FATAL: Este es un mensaje de log FATAL
ERROR: Este es un mensaje de log ERROR
FATAL: Este es un mensaje de log FATAL
ERROR: Este es un mensaje de log ERROR
ERROR: GET /online 400 - 17:39:09 - No token provided
ERROR: GET /online 400 - 19:15:36 - No token provided
ERROR: GET /online 400 - 19:20:59 - No token provided
ERROR: GET /online 400 - 18:55:35 - No token provided
ERROR: GET /online 400 - 16:07:38 - No token provided
ERROR: GET /online 400 - 16:07:47 - No token provided
ERROR: PUT /password 400 - 16:33:22 - No token provided
ERROR: PUT /password 403 - 16:34:22 - Forbidden from poliecies!!!!
ERROR: PUT /password 403 - 16:34:52 - Forbidden from poliecies!!!!
ERROR: GET /password 404 - 16:35:06 - Not found docs
ERROR: PUT /password 403 - 16:36:25 - Forbidden from poliecies!!!!
ERROR: PUT /password 403 - 16:36:48 - Forbidden from poliecies!!!!
ERROR: PUT /password 403 - 16:36:55 - Forbidden from poliecies!!!!
ERROR: PUT /password 403 - 16:37:57 - Forbidden from poliecies!!!!
ERROR: PUT /password 403 - 16:39:14 - Forbidden from poliecies!!!!
ERROR: PUT /password 403 - 16:39:43 - Forbidden from poliecies!!!!
ERROR: PUT /ru 403 - 16:43:10 - Forbidden from poliecies!!!!
ERROR: PUT /russs 403 - 16:43:20 - Forbidden from poliecies!!!!
ERROR: PUT /russs 403 - 16:43:24 - Forbidden from poliecies!!!!
ERROR: PUT /password 403 - 16:45:41 - Forbidden from poliecies!!!!
ERROR: PUT /password 403 - 16:45:51 - Forbidden from poliecies!!!!
ERROR: PUT /password 403 - 16:46:10 - Forbidden from poliecies!!!!
ERROR: PUT /password 403 - 16:46:13 - Forbidden from poliecies!!!!
ERROR: PUT /password 403 - 16:46:28 - Forbidden from poliecies!!!!
ERROR: PUT /password 403 - 16:48:02 - Forbidden from poliecies!!!!
ERROR: GET /api/users/password 400 . 16:58:33 SyntaxError: Unexpected token " in JSON at position 0
ERROR: GET /api/users/password 400 . 16:58:55 SyntaxError: Unexpected token " in JSON at position 0
ERROR: GET /api/users/password 400 . 16:59:28 SyntaxError: Unexpected token } in JSON at position 30
ERROR: GET /api/users/password undefined . 17:02:17 TypeError: next is not a function
ERROR: POST /api/sessions/login undefined . 17:19:33 Error: Bad auth from login
ERROR: PUT /password 403 - 17:23:23 - Forbidden from poliecies!!!!
ERROR: PUT /password 403 - 17:27:20 - Forbidden from poliecies!!!!
ERROR: PUT /password 403 - 17:30:11 - Forbidden from poliecies!!!!
ERROR: PUT /password 403 - 17:30:25 - Forbidden from poliecies!!!!
ERROR: POST /api/sessions/login undefined . 17:30:33 Error: Bad auth from login
ERROR: POST /api/sessions/login undefined . 17:31:33 Error: Bad auth from login
ERROR: PUT /password 403 - 17:35:19 - Forbidden from poliecies!!!!
ERROR: PUT /password 403 - 17:39:07 - Forbidden from poliecies!!!!
ERROR: PUT /password 403 - 17:46:33 - Forbidden from poliecies!!!!
ERROR: PUT /api/users/password undefined . 18:07:50 CastError: Cast to ObjectId failed for value "password" (type string) at path "_id" for model "users"
ERROR: GET /online 400 - 18:21:48 - No token provided
ERROR: GET /online 400 - 18:21:56 - No token provided
ERROR: POST /api/sessions/register undefined . 18:22:04 Error: Invalid credentials
ERROR: GET /online 400 - 18:36:00 - No token provided
ERROR: GET /online 400 - 18:38:36 - No token provided
ERROR: GET /online 400 - 18:39:43 - No token provided
ERROR: GET /online 400 - 18:40:03 - No token provided
ERROR: GET /online 400 - 18:40:14 - No token provided
ERROR: GET /online 400 - 18:40:34 - No token provided
